Data length: 2298247 characters
Vocabulary size: 88 characters
Epoch 1/10

 1000/45964 [..............................] - ETA: 3:42 - loss: 4.4777
 2000/45964 [>.............................] - ETA: 2:02 - loss: 4.4469
 3000/45964 [>.............................] - ETA: 1:28 - loss: 4.2411
 4000/45964 [=>............................] - ETA: 1:11 - loss: 4.0605
 5000/45964 [==>...........................] - ETA: 1:01 - loss: 3.9328
 6000/45964 [==>...........................] - ETA: 53s - loss: 3.8369 
 7000/45964 [===>..........................] - ETA: 48s - loss: 3.7603
 8000/45964 [====>.........................] - ETA: 44s - loss: 3.6997
 9000/45964 [====>.........................] - ETA: 40s - loss: 3.6497
10000/45964 [=====>........................] - ETA: 38s - loss: 3.6078
11000/45964 [======>.......................] - ETA: 35s - loss: 3.5717
12000/45964 [======>.......................] - ETA: 33s - loss: 3.5409
13000/45964 [=======>......................] - ETA: 31s - loss: 3.5148
14000/45964 [========>.....................] - ETA: 29s - loss: 3.4919
15000/45964 [========>.....................] - ETA: 28s - loss: 3.4707
16000/45964 [=========>....................] - ETA: 26s - loss: 3.4530
17000/45964 [==========>...................] - ETA: 25s - loss: 3.4366
18000/45964 [==========>...................] - ETA: 24s - loss: 3.4222
19000/45964 [===========>..................] - ETA: 23s - loss: 3.4080
20000/45964 [============>.................] - ETA: 21s - loss: 3.3955
21000/45964 [============>.................] - ETA: 20s - loss: 3.3836
22000/45964 [=============>................] - ETA: 19s - loss: 3.3734
23000/45964 [==============>...............] - ETA: 18s - loss: 3.3637
24000/45964 [==============>...............] - ETA: 17s - loss: 3.3547
25000/45964 [===============>..............] - ETA: 16s - loss: 3.3464
26000/45964 [===============>..............] - ETA: 15s - loss: 3.3382
27000/45964 [================>.............] - ETA: 14s - loss: 3.3311
28000/45964 [=================>............] - ETA: 14s - loss: 3.3235
29000/45964 [=================>............] - ETA: 13s - loss: 3.3170
30000/45964 [==================>...........] - ETA: 12s - loss: 3.3104
31000/45964 [===================>..........] - ETA: 11s - loss: 3.3046
32000/45964 [===================>..........] - ETA: 10s - loss: 3.2990
33000/45964 [====================>.........] - ETA: 9s - loss: 3.2936 
34000/45964 [=====================>........] - ETA: 9s - loss: 3.2890
35000/45964 [=====================>........] - ETA: 8s - loss: 3.2843
36000/45964 [======================>.......] - ETA: 7s - loss: 3.2796
37000/45964 [=======================>......] - ETA: 6s - loss: 3.2755
38000/45964 [=======================>......] - ETA: 5s - loss: 3.2711
39000/45964 [========================>.....] - ETA: 5s - loss: 3.2671
40000/45964 [=========================>....] - ETA: 4s - loss: 3.2632
41000/45964 [=========================>....] - ETA: 3s - loss: 3.2594
42000/45964 [==========================>...] - ETA: 2s - loss: 3.2558
43000/45964 [===========================>..] - ETA: 2s - loss: 3.2527
44000/45964 [===========================>..] - ETA: 1s - loss: 3.2493
45000/45964 [============================>.] - ETA: 0s - loss: 3.2466
45964/45964 [==============================] - 33s 724us/step - loss: 3.2440
Epoch 2/10

 1000/45964 [..............................] - ETA: 27s - loss: 3.1009
 2000/45964 [>.............................] - ETA: 27s - loss: 3.1043
 3000/45964 [>.............................] - ETA: 26s - loss: 3.1061
 4000/45964 [=>............................] - ETA: 26s - loss: 3.1035
 5000/45964 [==>...........................] - ETA: 25s - loss: 3.1043
 6000/45964 [==>...........................] - ETA: 25s - loss: 3.1050
 7000/45964 [===>..........................] - ETA: 24s - loss: 3.1051
 8000/45964 [====>.........................] - ETA: 23s - loss: 3.1033
 9000/45964 [====>.........................] - ETA: 23s - loss: 3.1027
10000/45964 [=====>........................] - ETA: 22s - loss: 3.1013
11000/45964 [======>.......................] - ETA: 22s - loss: 3.1015
12000/45964 [======>.......................] - ETA: 21s - loss: 3.1005
13000/45964 [=======>......................] - ETA: 20s - loss: 3.0987
14000/45964 [========>.....................] - ETA: 20s - loss: 3.0990
15000/45964 [========>.....................] - ETA: 19s - loss: 3.0987
16000/45964 [=========>....................] - ETA: 18s - loss: 3.0984
17000/45964 [==========>...................] - ETA: 18s - loss: 3.0985
18000/45964 [==========>...................] - ETA: 17s - loss: 3.0991
19000/45964 [===========>..................] - ETA: 16s - loss: 3.0990
20000/45964 [============>.................] - ETA: 16s - loss: 3.0987
21000/45964 [============>.................] - ETA: 15s - loss: 3.0982
22000/45964 [=============>................] - ETA: 15s - loss: 3.0980
23000/45964 [==============>...............] - ETA: 14s - loss: 3.0981
24000/45964 [==============>...............] - ETA: 13s - loss: 3.0975
25000/45964 [===============>..............] - ETA: 13s - loss: 3.0971
26000/45964 [===============>..............] - ETA: 12s - loss: 3.0964
27000/45964 [================>.............] - ETA: 11s - loss: 3.0959
28000/45964 [=================>............] - ETA: 11s - loss: 3.0959
29000/45964 [=================>............] - ETA: 10s - loss: 3.0953
30000/45964 [==================>...........] - ETA: 10s - loss: 3.0953
31000/45964 [===================>..........] - ETA: 9s - loss: 3.0952 
32000/45964 [===================>..........] - ETA: 8s - loss: 3.0947
33000/45964 [====================>.........] - ETA: 8s - loss: 3.0941
34000/45964 [=====================>........] - ETA: 7s - loss: 3.0937
35000/45964 [=====================>........] - ETA: 6s - loss: 3.0937
36000/45964 [======================>.......] - ETA: 6s - loss: 3.0934
37000/45964 [=======================>......] - ETA: 5s - loss: 3.0930
38000/45964 [=======================>......] - ETA: 5s - loss: 3.0927
39000/45964 [========================>.....] - ETA: 4s - loss: 3.0925
40000/45964 [=========================>....] - ETA: 3s - loss: 3.0924
41000/45964 [=========================>....] - ETA: 3s - loss: 3.0920
42000/45964 [==========================>...] - ETA: 2s - loss: 3.0916
43000/45964 [===========================>..] - ETA: 1s - loss: 3.0913
44000/45964 [===========================>..] - ETA: 1s - loss: 3.0910
45000/45964 [============================>.] - ETA: 0s - loss: 3.0908
45964/45964 [==============================] - 29s 630us/step - loss: 3.0907
Epoch 3/10

 1000/45964 [..............................] - ETA: 27s - loss: 3.0670
 2000/45964 [>.............................] - ETA: 27s - loss: 3.0763
 3000/45964 [>.............................] - ETA: 26s - loss: 3.0776
 4000/45964 [=>............................] - ETA: 26s - loss: 3.0769
 5000/45964 [==>...........................] - ETA: 25s - loss: 3.0789
 6000/45964 [==>...........................] - ETA: 25s - loss: 3.0795
 7000/45964 [===>..........................] - ETA: 24s - loss: 3.0806
 8000/45964 [====>.........................] - ETA: 23s - loss: 3.0814
 9000/45964 [====>.........................] - ETA: 23s - loss: 3.0824
10000/45964 [=====>........................] - ETA: 22s - loss: 3.0829
11000/45964 [======>.......................] - ETA: 22s - loss: 3.0822
12000/45964 [======>.......................] - ETA: 21s - loss: 3.0819
13000/45964 [=======>......................] - ETA: 20s - loss: 3.0819
14000/45964 [========>.....................] - ETA: 20s - loss: 3.0808
15000/45964 [========>.....................] - ETA: 19s - loss: 3.0803
16000/45964 [=========>....................] - ETA: 18s - loss: 3.0810
17000/45964 [==========>...................] - ETA: 18s - loss: 3.0800
18000/45964 [==========>...................] - ETA: 17s - loss: 3.0799
19000/45964 [===========>..................] - ETA: 16s - loss: 3.0793
20000/45964 [============>.................] - ETA: 16s - loss: 3.0793
21000/45964 [============>.................] - ETA: 15s - loss: 3.0790
22000/45964 [=============>................] - ETA: 15s - loss: 3.0785
23000/45964 [==============>...............] - ETA: 14s - loss: 3.0786
24000/45964 [==============>...............] - ETA: 13s - loss: 3.0783
25000/45964 [===============>..............] - ETA: 13s - loss: 3.0782
26000/45964 [===============>..............] - ETA: 12s - loss: 3.0781
27000/45964 [================>.............] - ETA: 11s - loss: 3.0776
28000/45964 [=================>............] - ETA: 11s - loss: 3.0777
29000/45964 [=================>............] - ETA: 10s - loss: 3.0776
30000/45964 [==================>...........] - ETA: 10s - loss: 3.0775
31000/45964 [===================>..........] - ETA: 9s - loss: 3.0774 
32000/45964 [===================>..........] - ETA: 8s - loss: 3.0772
33000/45964 [====================>.........] - ETA: 8s - loss: 3.0771
34000/45964 [=====================>........] - ETA: 7s - loss: 3.0770
35000/45964 [=====================>........] - ETA: 6s - loss: 3.0768
36000/45964 [======================>.......] - ETA: 6s - loss: 3.0773
37000/45964 [=======================>......] - ETA: 5s - loss: 3.0774
38000/45964 [=======================>......] - ETA: 5s - loss: 3.0776
39000/45964 [========================>.....] - ETA: 4s - loss: 3.0778
40000/45964 [=========================>....] - ETA: 3s - loss: 3.0775
41000/45964 [=========================>....] - ETA: 3s - loss: 3.0776
42000/45964 [==========================>...] - ETA: 2s - loss: 3.0776
43000/45964 [===========================>..] - ETA: 1s - loss: 3.0774
44000/45964 [===========================>..] - ETA: 1s - loss: 3.0774
45000/45964 [============================>.] - ETA: 0s - loss: 3.0771
45964/45964 [==============================] - 29s 631us/step - loss: 3.0772
Epoch 4/10

 1000/45964 [..............................] - ETA: 27s - loss: 3.0838
 2000/45964 [>.............................] - ETA: 27s - loss: 3.0806
 3000/45964 [>.............................] - ETA: 26s - loss: 3.0772
 4000/45964 [=>............................] - ETA: 26s - loss: 3.0772
 5000/45964 [==>...........................] - ETA: 25s - loss: 3.0768
 6000/45964 [==>...........................] - ETA: 25s - loss: 3.0762
 7000/45964 [===>..........................] - ETA: 24s - loss: 3.0751
 8000/45964 [====>.........................] - ETA: 23s - loss: 3.0770
 9000/45964 [====>.........................] - ETA: 23s - loss: 3.0756
10000/45964 [=====>........................] - ETA: 22s - loss: 3.0758
11000/45964 [======>.......................] - ETA: 22s - loss: 3.0755
12000/45964 [======>.......................] - ETA: 21s - loss: 3.0760
13000/45964 [=======>......................] - ETA: 20s - loss: 3.0756
14000/45964 [========>.....................] - ETA: 20s - loss: 3.0759
15000/45964 [========>.....................] - ETA: 19s - loss: 3.0755
16000/45964 [=========>....................] - ETA: 18s - loss: 3.0756
17000/45964 [==========>...................] - ETA: 18s - loss: 3.0752
18000/45964 [==========>...................] - ETA: 17s - loss: 3.0747
19000/45964 [===========>..................] - ETA: 16s - loss: 3.0746
20000/45964 [============>.................] - ETA: 16s - loss: 3.0757
21000/45964 [============>.................] - ETA: 15s - loss: 3.0752
22000/45964 [=============>................] - ETA: 15s - loss: 3.0753
23000/45964 [==============>...............] - ETA: 14s - loss: 3.0753
24000/45964 [==============>...............] - ETA: 13s - loss: 3.0747
25000/45964 [===============>..............] - ETA: 13s - loss: 3.0746
26000/45964 [===============>..............] - ETA: 12s - loss: 3.0749
27000/45964 [================>.............] - ETA: 11s - loss: 3.0746
28000/45964 [=================>............] - ETA: 11s - loss: 3.0745
29000/45964 [=================>............] - ETA: 10s - loss: 3.0738
30000/45964 [==================>...........] - ETA: 10s - loss: 3.0738
31000/45964 [===================>..........] - ETA: 9s - loss: 3.0741 
32000/45964 [===================>..........] - ETA: 8s - loss: 3.0739
33000/45964 [====================>.........] - ETA: 8s - loss: 3.0736
34000/45964 [=====================>........] - ETA: 7s - loss: 3.0736
35000/45964 [=====================>........] - ETA: 6s - loss: 3.0742
36000/45964 [======================>.......] - ETA: 6s - loss: 3.0740
37000/45964 [=======================>......] - ETA: 5s - loss: 3.0736
38000/45964 [=======================>......] - ETA: 5s - loss: 3.0735
39000/45964 [========================>.....] - ETA: 4s - loss: 3.0733
40000/45964 [=========================>....] - ETA: 3s - loss: 3.0730
41000/45964 [=========================>....] - ETA: 3s - loss: 3.0729
42000/45964 [==========================>...] - ETA: 2s - loss: 3.0728
43000/45964 [===========================>..] - ETA: 1s - loss: 3.0727
44000/45964 [===========================>..] - ETA: 1s - loss: 3.0723
45000/45964 [============================>.] - ETA: 0s - loss: 3.0719
45964/45964 [==============================] - 29s 631us/step - loss: 3.0718
Epoch 5/10

 1000/45964 [..............................] - ETA: 27s - loss: 3.0594
 2000/45964 [>.............................] - ETA: 27s - loss: 3.0645
 3000/45964 [>.............................] - ETA: 26s - loss: 3.0597
 4000/45964 [=>............................] - ETA: 26s - loss: 3.0582
 5000/45964 [==>...........................] - ETA: 25s - loss: 3.0564
 6000/45964 [==>...........................] - ETA: 25s - loss: 3.0568
 7000/45964 [===>..........................] - ETA: 24s - loss: 3.0578
 8000/45964 [====>.........................] - ETA: 23s - loss: 3.0562
 9000/45964 [====>.........................] - ETA: 23s - loss: 3.0545
10000/45964 [=====>........................] - ETA: 22s - loss: 3.0524
11000/45964 [======>.......................] - ETA: 22s - loss: 3.0525
12000/45964 [======>.......................] - ETA: 21s - loss: 3.0514
13000/45964 [=======>......................] - ETA: 20s - loss: 3.0495
14000/45964 [========>.....................] - ETA: 20s - loss: 3.0481
15000/45964 [========>.....................] - ETA: 19s - loss: 3.0475
16000/45964 [=========>....................] - ETA: 18s - loss: 3.0451
17000/45964 [==========>...................] - ETA: 18s - loss: 3.0429
18000/45964 [==========>...................] - ETA: 17s - loss: 3.0406
19000/45964 [===========>..................] - ETA: 17s - loss: 3.0405
20000/45964 [============>.................] - ETA: 16s - loss: 3.0389
21000/45964 [============>.................] - ETA: 15s - loss: 3.0362
22000/45964 [=============>................] - ETA: 15s - loss: 3.0331
23000/45964 [==============>...............] - ETA: 14s - loss: 3.0293
24000/45964 [==============>...............] - ETA: 13s - loss: 3.0268
25000/45964 [===============>..............] - ETA: 13s - loss: 3.0279
26000/45964 [===============>..............] - ETA: 12s - loss: 3.0274
27000/45964 [================>.............] - ETA: 11s - loss: 3.0249
28000/45964 [=================>............] - ETA: 11s - loss: 3.0218
29000/45964 [=================>............] - ETA: 10s - loss: 3.0183
30000/45964 [==================>...........] - ETA: 10s - loss: 3.0149
31000/45964 [===================>..........] - ETA: 9s - loss: 3.0121 
32000/45964 [===================>..........] - ETA: 8s - loss: 3.0100
33000/45964 [====================>.........] - ETA: 8s - loss: 3.0081
34000/45964 [=====================>........] - ETA: 7s - loss: 3.0060
35000/45964 [=====================>........] - ETA: 6s - loss: 3.0034
36000/45964 [======================>.......] - ETA: 6s - loss: 3.0009
37000/45964 [=======================>......] - ETA: 5s - loss: 2.9978
38000/45964 [=======================>......] - ETA: 5s - loss: 2.9944
39000/45964 [========================>.....] - ETA: 4s - loss: 2.9919
40000/45964 [=========================>....] - ETA: 3s - loss: 2.9892
41000/45964 [=========================>....] - ETA: 3s - loss: 2.9874
42000/45964 [==========================>...] - ETA: 2s - loss: 2.9856
43000/45964 [===========================>..] - ETA: 1s - loss: 2.9839
44000/45964 [===========================>..] - ETA: 1s - loss: 2.9821
45000/45964 [============================>.] - ETA: 0s - loss: 2.9800
45964/45964 [==============================] - 29s 631us/step - loss: 2.9784
Epoch 6/10

 1000/45964 [..............................] - ETA: 27s - loss: 2.8812
 2000/45964 [>.............................] - ETA: 27s - loss: 2.8701
 3000/45964 [>.............................] - ETA: 27s - loss: 2.8639
 4000/45964 [=>............................] - ETA: 26s - loss: 2.8643
 5000/45964 [==>...........................] - ETA: 25s - loss: 2.8637
 6000/45964 [==>...........................] - ETA: 25s - loss: 2.8634
 7000/45964 [===>..........................] - ETA: 24s - loss: 2.8618
 8000/45964 [====>.........................] - ETA: 23s - loss: 2.8672
 9000/45964 [====>.........................] - ETA: 23s - loss: 2.8707
10000/45964 [=====>........................] - ETA: 22s - loss: 2.8709
11000/45964 [======>.......................] - ETA: 22s - loss: 2.8708
12000/45964 [======>.......................] - ETA: 21s - loss: 2.8709
13000/45964 [=======>......................] - ETA: 20s - loss: 2.8685
14000/45964 [========>.....................] - ETA: 20s - loss: 2.8659
15000/45964 [========>.....................] - ETA: 19s - loss: 2.8642
16000/45964 [=========>....................] - ETA: 18s - loss: 2.8612
17000/45964 [==========>...................] - ETA: 18s - loss: 2.8593
18000/45964 [==========>...................] - ETA: 17s - loss: 2.8566
19000/45964 [===========>..................] - ETA: 17s - loss: 2.8546
20000/45964 [============>.................] - ETA: 16s - loss: 2.8524
21000/45964 [============>.................] - ETA: 15s - loss: 2.8507
22000/45964 [=============>................] - ETA: 15s - loss: 2.8513
23000/45964 [==============>...............] - ETA: 14s - loss: 2.8550
24000/45964 [==============>...............] - ETA: 13s - loss: 2.8544
25000/45964 [===============>..............] - ETA: 13s - loss: 2.8530
26000/45964 [===============>..............] - ETA: 12s - loss: 2.8516
27000/45964 [================>.............] - ETA: 11s - loss: 2.8503
28000/45964 [=================>............] - ETA: 11s - loss: 2.8489
29000/45964 [=================>............] - ETA: 10s - loss: 2.8467
30000/45964 [==================>...........] - ETA: 10s - loss: 2.8440
31000/45964 [===================>..........] - ETA: 9s - loss: 2.8415 
32000/45964 [===================>..........] - ETA: 8s - loss: 2.8402
33000/45964 [====================>.........] - ETA: 8s - loss: 2.8389
34000/45964 [=====================>........] - ETA: 7s - loss: 2.8374
35000/45964 [=====================>........] - ETA: 6s - loss: 2.8386
36000/45964 [======================>.......] - ETA: 6s - loss: 2.8383
37000/45964 [=======================>......] - ETA: 5s - loss: 2.8383
38000/45964 [=======================>......] - ETA: 5s - loss: 2.8363
39000/45964 [========================>.....] - ETA: 4s - loss: 2.8344
40000/45964 [=========================>....] - ETA: 3s - loss: 2.8324
41000/45964 [=========================>....] - ETA: 3s - loss: 2.8310
42000/45964 [==========================>...] - ETA: 2s - loss: 2.8299
43000/45964 [===========================>..] - ETA: 1s - loss: 2.8287
44000/45964 [===========================>..] - ETA: 1s - loss: 2.8267
45000/45964 [============================>.] - ETA: 0s - loss: 2.8250
45964/45964 [==============================] - 29s 631us/step - loss: 2.8234
Epoch 7/10

 1000/45964 [..............................] - ETA: 27s - loss: 2.7529
 2000/45964 [>.............................] - ETA: 27s - loss: 2.7618
 3000/45964 [>.............................] - ETA: 27s - loss: 2.7597
 4000/45964 [=>............................] - ETA: 26s - loss: 2.7640
 5000/45964 [==>...........................] - ETA: 25s - loss: 2.7581
 6000/45964 [==>...........................] - ETA: 25s - loss: 2.7543
 7000/45964 [===>..........................] - ETA: 24s - loss: 2.7505
 8000/45964 [====>.........................] - ETA: 23s - loss: 2.7505
 9000/45964 [====>.........................] - ETA: 23s - loss: 2.7500
10000/45964 [=====>........................] - ETA: 22s - loss: 2.7502
11000/45964 [======>.......................] - ETA: 22s - loss: 2.7457
12000/45964 [======>.......................] - ETA: 21s - loss: 2.7464
13000/45964 [=======>......................] - ETA: 20s - loss: 2.7515
14000/45964 [========>.....................] - ETA: 20s - loss: 2.7501
15000/45964 [========>.....................] - ETA: 19s - loss: 2.7490
16000/45964 [=========>....................] - ETA: 18s - loss: 2.7452
17000/45964 [==========>...................] - ETA: 18s - loss: 2.7425
18000/45964 [==========>...................] - ETA: 17s - loss: 2.7389
19000/45964 [===========>..................] - ETA: 17s - loss: 2.7362
20000/45964 [============>.................] - ETA: 16s - loss: 2.7360
21000/45964 [============>.................] - ETA: 15s - loss: 2.7350
22000/45964 [=============>................] - ETA: 15s - loss: 2.7335
23000/45964 [==============>...............] - ETA: 14s - loss: 2.7324
24000/45964 [==============>...............] - ETA: 13s - loss: 2.7300
25000/45964 [===============>..............] - ETA: 13s - loss: 2.7289
26000/45964 [===============>..............] - ETA: 12s - loss: 2.7304
27000/45964 [================>.............] - ETA: 11s - loss: 2.7304
28000/45964 [=================>............] - ETA: 11s - loss: 2.7289
29000/45964 [=================>............] - ETA: 10s - loss: 2.7273
30000/45964 [==================>...........] - ETA: 10s - loss: 2.7252
31000/45964 [===================>..........] - ETA: 9s - loss: 2.7239 
32000/45964 [===================>..........] - ETA: 8s - loss: 2.7222
33000/45964 [====================>.........] - ETA: 8s - loss: 2.7206
34000/45964 [=====================>........] - ETA: 7s - loss: 2.7187
35000/45964 [=====================>........] - ETA: 6s - loss: 2.7167
36000/45964 [======================>.......] - ETA: 6s - loss: 2.7148
37000/45964 [=======================>......] - ETA: 5s - loss: 2.7133
38000/45964 [=======================>......] - ETA: 5s - loss: 2.7122
39000/45964 [========================>.....] - ETA: 4s - loss: 2.7109
40000/45964 [=========================>....] - ETA: 3s - loss: 2.7096
41000/45964 [=========================>....] - ETA: 3s - loss: 2.7085
42000/45964 [==========================>...] - ETA: 2s - loss: 2.7073
43000/45964 [===========================>..] - ETA: 1s - loss: 2.7064
44000/45964 [===========================>..] - ETA: 1s - loss: 2.7057
45000/45964 [============================>.] - ETA: 0s - loss: 2.7070
45964/45964 [==============================] - 29s 632us/step - loss: 2.7075
Epoch 8/10

 1000/45964 [..............................] - ETA: 27s - loss: 2.6776
 2000/45964 [>.............................] - ETA: 27s - loss: 2.6518
 3000/45964 [>.............................] - ETA: 26s - loss: 2.6482
 4000/45964 [=>............................] - ETA: 26s - loss: 2.6479
 5000/45964 [==>...........................] - ETA: 25s - loss: 2.6452
 6000/45964 [==>...........................] - ETA: 25s - loss: 2.6463
 7000/45964 [===>..........................] - ETA: 24s - loss: 2.6499
 8000/45964 [====>.........................] - ETA: 23s - loss: 2.6496
 9000/45964 [====>.........................] - ETA: 23s - loss: 2.6463
10000/45964 [=====>........................] - ETA: 22s - loss: 2.6444
11000/45964 [======>.......................] - ETA: 22s - loss: 2.6419
12000/45964 [======>.......................] - ETA: 21s - loss: 2.6410
13000/45964 [=======>......................] - ETA: 20s - loss: 2.6403
14000/45964 [========>.....................] - ETA: 20s - loss: 2.6427
15000/45964 [========>.....................] - ETA: 19s - loss: 2.6429
16000/45964 [=========>....................] - ETA: 18s - loss: 2.6419
17000/45964 [==========>...................] - ETA: 18s - loss: 2.6399
18000/45964 [==========>...................] - ETA: 17s - loss: 2.6387
19000/45964 [===========>..................] - ETA: 17s - loss: 2.6422
20000/45964 [============>.................] - ETA: 16s - loss: 2.6450
21000/45964 [============>.................] - ETA: 15s - loss: 2.6437
22000/45964 [=============>................] - ETA: 15s - loss: 2.6427
23000/45964 [==============>...............] - ETA: 14s - loss: 2.6402
24000/45964 [==============>...............] - ETA: 13s - loss: 2.6386
25000/45964 [===============>..............] - ETA: 13s - loss: 2.6384
26000/45964 [===============>..............] - ETA: 12s - loss: 2.6386
27000/45964 [================>.............] - ETA: 11s - loss: 2.6388
28000/45964 [=================>............] - ETA: 11s - loss: 2.6384
29000/45964 [=================>............] - ETA: 10s - loss: 2.6365
30000/45964 [==================>...........] - ETA: 10s - loss: 2.6348
31000/45964 [===================>..........] - ETA: 9s - loss: 2.6326 
32000/45964 [===================>..........] - ETA: 8s - loss: 2.6314
33000/45964 [====================>.........] - ETA: 8s - loss: 2.6302
34000/45964 [=====================>........] - ETA: 7s - loss: 2.6299
35000/45964 [=====================>........] - ETA: 6s - loss: 2.6301
36000/45964 [======================>.......] - ETA: 6s - loss: 2.6303
37000/45964 [=======================>......] - ETA: 5s - loss: 2.6304
38000/45964 [=======================>......] - ETA: 5s - loss: 2.6302
39000/45964 [========================>.....] - ETA: 4s - loss: 2.6294
40000/45964 [=========================>....] - ETA: 3s - loss: 2.6287
41000/45964 [=========================>....] - ETA: 3s - loss: 2.6281
42000/45964 [==========================>...] - ETA: 2s - loss: 2.6276
43000/45964 [===========================>..] - ETA: 1s - loss: 2.6269
44000/45964 [===========================>..] - ETA: 1s - loss: 2.6259
45000/45964 [============================>.] - ETA: 0s - loss: 2.6250
45964/45964 [==============================] - 29s 632us/step - loss: 2.6241
Epoch 9/10

 1000/45964 [..............................] - ETA: 27s - loss: 2.5847
 2000/45964 [>.............................] - ETA: 27s - loss: 2.5837
 3000/45964 [>.............................] - ETA: 27s - loss: 2.5858
 4000/45964 [=>............................] - ETA: 26s - loss: 2.5792
 5000/45964 [==>...........................] - ETA: 25s - loss: 2.5768
 6000/45964 [==>...........................] - ETA: 25s - loss: 2.5770
 7000/45964 [===>..........................] - ETA: 24s - loss: 2.5793
 8000/45964 [====>.........................] - ETA: 23s - loss: 2.5786
 9000/45964 [====>.........................] - ETA: 23s - loss: 2.5864
10000/45964 [=====>........................] - ETA: 22s - loss: 2.5944
11000/45964 [======>.......................] - ETA: 22s - loss: 2.5948
12000/45964 [======>.......................] - ETA: 21s - loss: 2.5950
13000/45964 [=======>......................] - ETA: 20s - loss: 2.5966
14000/45964 [========>.....................] - ETA: 20s - loss: 2.5971
15000/45964 [========>.....................] - ETA: 19s - loss: 2.5972
16000/45964 [=========>....................] - ETA: 18s - loss: 2.5945
17000/45964 [==========>...................] - ETA: 18s - loss: 2.5924
18000/45964 [==========>...................] - ETA: 17s - loss: 2.5901
19000/45964 [===========>..................] - ETA: 17s - loss: 2.5879
20000/45964 [============>.................] - ETA: 16s - loss: 2.5861
21000/45964 [============>.................] - ETA: 15s - loss: 2.5865
22000/45964 [=============>................] - ETA: 15s - loss: 2.5855
23000/45964 [==============>...............] - ETA: 14s - loss: 2.5844
24000/45964 [==============>...............] - ETA: 13s - loss: 2.5833
25000/45964 [===============>..............] - ETA: 13s - loss: 2.5822
26000/45964 [===============>..............] - ETA: 12s - loss: 2.5806
27000/45964 [================>.............] - ETA: 11s - loss: 2.5798
28000/45964 [=================>............] - ETA: 11s - loss: 2.5789
29000/45964 [=================>............] - ETA: 10s - loss: 2.5799
30000/45964 [==================>...........] - ETA: 10s - loss: 2.5794
31000/45964 [===================>..........] - ETA: 9s - loss: 2.5788 
32000/45964 [===================>..........] - ETA: 8s - loss: 2.5781
33000/45964 [====================>.........] - ETA: 8s - loss: 2.5777
34000/45964 [=====================>........] - ETA: 7s - loss: 2.5778
35000/45964 [=====================>........] - ETA: 6s - loss: 2.5778
36000/45964 [======================>.......] - ETA: 6s - loss: 2.5786
37000/45964 [=======================>......] - ETA: 5s - loss: 2.5779
38000/45964 [=======================>......] - ETA: 5s - loss: 2.5766
39000/45964 [========================>.....] - ETA: 4s - loss: 2.5755
40000/45964 [=========================>....] - ETA: 3s - loss: 2.5739
41000/45964 [=========================>....] - ETA: 3s - loss: 2.5726
42000/45964 [==========================>...] - ETA: 2s - loss: 2.5715
43000/45964 [===========================>..] - ETA: 1s - loss: 2.5716
44000/45964 [===========================>..] - ETA: 1s - loss: 2.5715
45000/45964 [============================>.] - ETA: 0s - loss: 2.5708
45964/45964 [==============================] - 29s 632us/step - loss: 2.5702
Epoch 10/10

 1000/45964 [..............................] - ETA: 27s - loss: 2.5266
 2000/45964 [>.............................] - ETA: 27s - loss: 2.5170
 3000/45964 [>.............................] - ETA: 27s - loss: 2.5229
 4000/45964 [=>............................] - ETA: 26s - loss: 2.5329
 5000/45964 [==>...........................] - ETA: 25s - loss: 2.5319
 6000/45964 [==>...........................] - ETA: 25s - loss: 2.5321
 7000/45964 [===>..........................] - ETA: 24s - loss: 2.5288
 8000/45964 [====>.........................] - ETA: 23s - loss: 2.5318
 9000/45964 [====>.........................] - ETA: 23s - loss: 2.5384
10000/45964 [=====>........................] - ETA: 22s - loss: 2.5411
11000/45964 [======>.......................] - ETA: 22s - loss: 2.5408
12000/45964 [======>.......................] - ETA: 21s - loss: 2.5393
13000/45964 [=======>......................] - ETA: 20s - loss: 2.5398
14000/45964 [========>.....................] - ETA: 20s - loss: 2.5387
15000/45964 [========>.....................] - ETA: 19s - loss: 2.5368
16000/45964 [=========>....................] - ETA: 18s - loss: 2.5343
17000/45964 [==========>...................] - ETA: 18s - loss: 2.5320
18000/45964 [==========>...................] - ETA: 17s - loss: 2.5303
19000/45964 [===========>..................] - ETA: 17s - loss: 2.5295
20000/45964 [============>.................] - ETA: 16s - loss: 2.5295
21000/45964 [============>.................] - ETA: 15s - loss: 2.5295
22000/45964 [=============>................] - ETA: 15s - loss: 2.5306
23000/45964 [==============>...............] - ETA: 14s - loss: 2.5299
24000/45964 [==============>...............] - ETA: 13s - loss: 2.5297
25000/45964 [===============>..............] - ETA: 13s - loss: 2.5290
26000/45964 [===============>..............] - ETA: 12s - loss: 2.5283
27000/45964 [================>.............] - ETA: 11s - loss: 2.5272
28000/45964 [=================>............] - ETA: 11s - loss: 2.5261
29000/45964 [=================>............] - ETA: 10s - loss: 2.5251
30000/45964 [==================>...........] - ETA: 10s - loss: 2.5246
31000/45964 [===================>..........] - ETA: 9s - loss: 2.5242 
32000/45964 [===================>..........] - ETA: 8s - loss: 2.5236
33000/45964 [====================>.........] - ETA: 8s - loss: 2.5225
34000/45964 [=====================>........] - ETA: 7s - loss: 2.5216
35000/45964 [=====================>........] - ETA: 6s - loss: 2.5209
36000/45964 [======================>.......] - ETA: 6s - loss: 2.5197
37000/45964 [=======================>......] - ETA: 5s - loss: 2.5198
38000/45964 [=======================>......] - ETA: 5s - loss: 2.5189
39000/45964 [========================>.....] - ETA: 4s - loss: 2.5217
40000/45964 [=========================>....] - ETA: 3s - loss: 2.5231
41000/45964 [=========================>....] - ETA: 3s - loss: 2.5225
42000/45964 [==========================>...] - ETA: 2s - loss: 2.5214
43000/45964 [===========================>..] - ETA: 1s - loss: 2.5202
44000/45964 [===========================>..] - ETA: 1s - loss: 2.5194
45000/45964 [============================>.] - ETA: 0s - loss: 2.5182
45964/45964 [==============================] - 29s 632us/step - loss: 2.5175
final generation
*
}
t
e
 
t
o
r
e
 
t
o
s
 
t
o
s
 
t
o
s
 
t
o
s
 
t
o
s
 
t
o
s
 
t
o
s
 
t
o
s
 
t
o
s
 
t
o
s
 
t
o
s
 
t
o
s
 
t
o
s
 
t
o
s
 
t
o
s
 
t
o
s
 
t
o
s
 
t
o
s
 
t
o
s
 
t
o
s
 
t
o
s
 
t
o
s
 
t
o
