Data length: 2298247 characters
Vocabulary size: 88 characters
loading pre trained weights
final generation
N9&Z2"RtZCo9)tl9f2Z]_h9a9p"i 9Oz*K 9w*r09w!1i9i!5o9i!G9G!G1 /9!/K G1!d m9!5Jr GG!K o9w 9:*B/m9*BrG PK G9G!/
 91i 9drO79!G9!/1 r G1!/d_9W:1 r9OPP9wOG91i 9*r9d*K r/Go9O/m9O/79Om*1i!/d91*9i!G9*w/9:O5!P7o9O/m9i 9
O5 91*9d 19O191i 91ir  9*:9BG_9T9iOm9/*9!m O91iO19T9iOm9/*19:*PP*w m91i 91!5 G9wi!
i9:*PP*w m9OG9Jr*GJ r1_9R 9iOm9/*9m!G1Br:9!/9579GJ 
!5 /
 9*:91i 9JO1iG9O/m9O9zO
i P*rG9wi!
i9dr O1 m9i!G9
PBz9O191i hP*K!/d9iOmm*r9:r*591i 9G1O1!*/_9"i 9J*P!
 9iOJJ / m91*9d!K 9i!G91i *r7o9/*19O95*5 9mO/d r*BG9r!PP_9h9T9
*BPm9/*19z Or91*9G  91i 95O/9wi*9iOm9
*5 9:r*597*B_9W/mo9:!rG19!/m  m91i 9GO5 9
*5JO/79O9Jr G rK 9*:91i 9dr O19jr  J9
*/ 
1!*/G9*:9Ur!KOG*rOJPO
 _h99)*/ 9*:91i 59w!1i91i 9PO/m9*r91i 9G rKO/1_9T19wOG9 K!m /191iO19w 9iOm9 /m OK*r m91*9JPB/9O9
PB 9
*J! G9*:9Ur*( 
19jB1 /z rdH159 P 
1r*/!
9w*r0G9!/97*Br9J*GG GG!*/_9h9)*o9G!ro9*:9
*BrG o9T9iOK 9z  /9O19GB
i9*::!
!OP9J*
0 z r*
0o9zB191i 9:O5!P79Gi*BPm9z 9!/91i 9i*BG 9OPP9*K r91*91i!G_99l r 9!/G1rB
1!K _9W/m9/*wo9lO1G*/o9!/91i 9zBG!/ GG9*/
